Using pre-set license
Built from '2020.2/release' branch; Version is '2020.2.2f1 (068178b99f32) revision 426360'; Using compiler version '192528614'; Build Type 'Release'
OS: 'Windows 10 Enterprise; OS build 18363.1556; Version 1909; 64bit' Language: 'en' Physical Memory: 16304 MB
BatchMode: 1, IsHumanControllingUs: 0, StartBugReporterOnCrash: 0, Is64bit: 1, IsPro: 0

 COMMAND LINE ARGUMENTS:
C:\Program Files\Unity\Hub\Editor\2020.2.2f1\Editor\Unity.exe
-adb2
-batchMode
-noUpm
-name
AssetImportWorker0
-projectPath
C:/Users/rhianna.davis/Downloads/doodle-jump-main/doodle-jump-main
-logFile
Logs/AssetImportWorker0.log
-srvPort
52038
Successfully changed project path to: C:/Users/rhianna.davis/Downloads/doodle-jump-main/doodle-jump-main
C:/Users/rhianna.davis/Downloads/doodle-jump-main/doodle-jump-main
Using Asset Import Pipeline V2.
Refreshing native plugins compatible for Editor in 36.93 ms, found 1 plugins.
Preloading 0 native plugins for Editor in 0.00 ms.
Initialize engine version: 2020.2.2f1 (068178b99f32)
[Subsystems] Discovering subsystems at path C:/Program Files/Unity/Hub/Editor/2020.2.2f1/Editor/Data/Resources/UnitySubsystems
[Subsystems] Discovering subsystems at path C:/Users/rhianna.davis/Downloads/doodle-jump-main/doodle-jump-main/Assets
GfxDevice: creating device client; threaded=0
Direct3D:
    Version:  Direct3D 11.0 [level 11.0]
    Renderer: NVIDIA Quadro K2200  (ID=0x13ba)
    Vendor:   
    VRAM:     4035 MB
    Driver:   10.18.13.5362
Initialize mono
Mono path[0] = 'C:/Program Files/Unity/Hub/Editor/2020.2.2f1/Editor/Data/Managed'
Mono path[1] = 'C:/Program Files/Unity/Hub/Editor/2020.2.2f1/Editor/Data/MonoBleedingEdge/lib/mono/unityjit'
Mono config path = 'C:/Program Files/Unity/Hub/Editor/2020.2.2f1/Editor/Data/MonoBleedingEdge/etc'
Using monoOptions --debugger-agent=transport=dt_socket,embedding=1,server=y,suspend=n,address=127.0.0.1:56204
Begin MonoManager ReloadAssembly
Registering precompiled unity dll's ...
Register platform support module: C:/Program Files/Unity/Hub/Editor/2020.2.2f1/Editor/Data/PlaybackEngines/WindowsStandaloneSupport/UnityEditor.WindowsStandalone.Extensions.dll
Registered in 0.001363 seconds.
Native extension for WindowsStandalone target not found
Refreshing native plugins compatible for Editor in 37.03 ms, found 1 plugins.
Preloading 0 native plugins for Editor in 0.00 ms.
Invoked RoslynAnalysisRunner static constructor.
RoslynAnalysisRunner will not be running.
RoslynAnalysisRunner has terminated.
Mono: successfully reloaded assembly
- Completed reload, in  1.471 seconds
Platform modules already initialized, skipping
Registering precompiled user dll's ...
Registered in 0.000907 seconds.
Begin MonoManager ReloadAssembly
Native extension for WindowsStandalone target not found
Refreshing native plugins compatible for Editor in 35.04 ms, found 1 plugins.
Preloading 0 native plugins for Editor in 0.00 ms.
Invoked RoslynAnalysisRunner static constructor.
RoslynAnalysisRunner will not be running.
RoslynAnalysisRunner has terminated.
Mono: successfully reloaded assembly
- Completed reload, in  0.861 seconds
Platform modules already initialized, skipping
========================================================================
Worker process is ready to serve import requests
Launched and connected shader compiler UnityShaderCompiler.exe after 0.05 seconds
Refreshing native plugins compatible for Editor in 0.34 ms, found 1 plugins.
Preloading 0 native plugins for Editor in 0.00 ms.
Unloading 1815 Unused Serialized files (Serialized files now loaded: 0)
System memory in use before: 86.4 MB.
System memory in use after: 86.5 MB.

Unloading 19 unused Assets to reduce memory usage. Loaded Objects now: 2262.
Total: 1.950700 ms (FindLiveObjects: 0.142500 ms CreateObjectMapping: 0.052100 ms MarkObjects: 1.651200 ms  DeleteObjects: 0.103900 ms)

========================================================================
Received Import Request.
  path: Assets/boost.anim
  artifactKey: Guid(963facb02ca829a47844a20002c11f0c) Importer(815301076,1909f56bfc062723c751e8b465ee728b)
Start importing Assets/boost.anim using Guid(963facb02ca829a47844a20002c11f0c) Importer(815301076,1909f56bfc062723c751e8b465ee728b)  -> (artifact id: '766de128421f5d5b6e5f687ab4d50fb6') in 0.039468 seconds
  Import took 0.044674 seconds .

========================================================================
Received Import Request.
  Time since last request: 6.641033 seconds.
  path: Assets/character.controller
  artifactKey: Guid(271310b34483c184f8689733922952bb) Importer(815301076,1909f56bfc062723c751e8b465ee728b)
Start importing Assets/character.controller using Guid(271310b34483c184f8689733922952bb) Importer(815301076,1909f56bfc062723c751e8b465ee728b)  -> (artifact id: '5e2b8ff7060131f16e80a111671c94af') in 0.011997 seconds
  Import took 0.015124 seconds .

========================================================================
Received Import Request.
  Time since last request: 4.102265 seconds.
  path: Assets/gameManager.cs
  artifactKey: Guid(8f4767ceecd511c48bdc77b661926e25) Importer(815301076,1909f56bfc062723c751e8b465ee728b)
Start importing Assets/gameManager.cs using Guid(8f4767ceecd511c48bdc77b661926e25) Importer(815301076,1909f56bfc062723c751e8b465ee728b)  -> (artifact id: '84e641e2c4e15ba8d51b455ec594ae15') in 0.014209 seconds
  Import took 0.016962 seconds .

========================================================================
Received Prepare
Registering precompiled user dll's ...
Registered in 0.000848 seconds.
Begin MonoManager ReloadAssembly
Native extension for WindowsStandalone target not found
Refreshing native plugins compatible for Editor in 0.32 ms, found 1 plugins.
Preloading 0 native plugins for Editor in 0.00 ms.
Invoked RoslynAnalysisRunner static constructor.
RoslynAnalysisRunner will not be running.
RoslynAnalysisRunner has terminated.
Mono: successfully reloaded assembly
- Completed reload, in  0.786 seconds
Platform modules already initialized, skipping
Refreshing native plugins compatible for Editor in 0.35 ms, found 1 plugins.
Preloading 0 native plugins for Editor in 0.00 ms.
Unloading 1791 Unused Serialized files (Serialized files now loaded: 0)
System memory in use before: 85.1 MB.
System memory in use after: 85.2 MB.

Unloading 8 unused Assets to reduce memory usage. Loaded Objects now: 2264.
Total: 2.065000 ms (FindLiveObjects: 0.190000 ms CreateObjectMapping: 0.070100 ms MarkObjects: 1.787800 ms  DeleteObjects: 0.016100 ms)

========================================================================
Received Import Request.
  Time since last request: 13.268801 seconds.
  path: Assets/jump.anim
  artifactKey: Guid(f21339c87ecfbfa4cbd583e97cc2c3ff) Importer(815301076,1909f56bfc062723c751e8b465ee728b)
Start importing Assets/jump.anim using Guid(f21339c87ecfbfa4cbd583e97cc2c3ff) Importer(815301076,1909f56bfc062723c751e8b465ee728b)  -> (artifact id: 'a1c35c3b95411d6f3b3635778d079125') in 0.015207 seconds
  Import took 0.018469 seconds .

========================================================================
Received Import Request.
  Time since last request: 0.007809 seconds.
  path: Assets/jump.anim
  artifactKey: Guid(f21339c87ecfbfa4cbd583e97cc2c3ff) Importer(815301076,1909f56bfc062723c751e8b465ee728b)
Start importing Assets/jump.anim using Guid(f21339c87ecfbfa4cbd583e97cc2c3ff) Importer(815301076,1909f56bfc062723c751e8b465ee728b)  -> (artifact id: 'a1c35c3b95411d6f3b3635778d079125') in 0.002808 seconds
  Import took 0.006781 seconds .

========================================================================
Received Import Request.
  Time since last request: 2.434873 seconds.
  path: Assets/playera.anim
  artifactKey: Guid(c99126ddf0fb66740878d6b57c4c4248) Importer(815301076,1909f56bfc062723c751e8b465ee728b)
Start importing Assets/playera.anim using Guid(c99126ddf0fb66740878d6b57c4c4248) Importer(815301076,1909f56bfc062723c751e8b465ee728b)  -> (artifact id: 'b732cd9f771bb968f23e5711aaf5a652') in 0.009649 seconds
  Import took 0.016497 seconds .

========================================================================
Received Import Request.
  Time since last request: 15.657398 seconds.
  path: Assets/other
  artifactKey: Guid(0c64490afef30c041b8d710b9ab3fdba) Importer(815301076,1909f56bfc062723c751e8b465ee728b)
Start importing Assets/other using Guid(0c64490afef30c041b8d710b9ab3fdba) Importer(815301076,1909f56bfc062723c751e8b465ee728b)  -> (artifact id: '9c09be09ecf84fb57a6992afb69683f4') in 0.008800 seconds
  Import took 0.014296 seconds .

AssetImportWorkerClient::OnTransportError - code=2 error=End of file
